INFO:werkzeug: * Running on http://127.0.0.1:5000/ (Press CTRL+C to quit)
INFO:werkzeug:127.0.0.1 - - [13/Oct/2020 02:30:50] "[37mGET /supervisor/22477478%40student.uwa.edu.au/project/manage HTTP/1.1[0m" 200 -
INFO:werkzeug:127.0.0.1 - - [13/Oct/2020 02:30:51] "[37mGET /supervisor/22477478%40student.uwa.edu.au/project/manage/view/appl/11 HTTP/1.1[0m" 200 -
INFO:werkzeug:127.0.0.1 - - [13/Oct/2020 02:31:00] "[37mGET /admin/student/edit/?id=1&url=%2Fadmin%2Fstudent%2F HTTP/1.1[0m" 200 -
INFO:werkzeug:127.0.0.1 - - [13/Oct/2020 02:31:08] "[32mPOST /admin/student/edit/?id=1&url=%2Fadmin%2Fstudent%2F HTTP/1.1[0m" 302 -
INFO:werkzeug:127.0.0.1 - - [13/Oct/2020 02:31:08] "[37mGET /admin/student/ HTTP/1.1[0m" 200 -
INFO:werkzeug:127.0.0.1 - - [13/Oct/2020 02:31:10] "[37mGET /supervisor/22477478%40student.uwa.edu.au/project/manage HTTP/1.1[0m" 200 -
INFO:werkzeug:127.0.0.1 - - [13/Oct/2020 02:31:10] "[37mGET /supervisor/22477478%40student.uwa.edu.au/project/manage/view/appl/11 HTTP/1.1[0m" 200 -
INFO:werkzeug:127.0.0.1 - - [13/Oct/2020 02:31:12] "[37mGET /supervisor/22477478%40student.uwa.edu.au/project/manage/view/appl/11/1/examine HTTP/1.1[0m" 200 -
ERROR:app:Exception on /supervisor/22477478@student.uwa.edu.au/project/manage/view/appl/11/1/examine/accept_confirm [GET]
Traceback (most recent call last):
  File "c:\users\xiaocheng wang\appdata\local\programs\python\python38-32\lib\site-packages\flask\app.py", line 2447, in wsgi_app
    response = self.full_dispatch_request()
  File "c:\users\xiaocheng wang\appdata\local\programs\python\python38-32\lib\site-packages\flask\app.py", line 1952, in full_dispatch_request
    rv = self.handle_user_exception(e)
  File "c:\users\xiaocheng wang\appdata\local\programs\python\python38-32\lib\site-packages\flask\app.py", line 1821, in handle_user_exception
    reraise(exc_type, exc_value, tb)
  File "c:\users\xiaocheng wang\appdata\local\programs\python\python38-32\lib\site-packages\flask\_compat.py", line 39, in reraise
    raise value
  File "c:\users\xiaocheng wang\appdata\local\programs\python\python38-32\lib\site-packages\flask\app.py", line 1950, in full_dispatch_request
    rv = self.dispatch_request()
  File "c:\users\xiaocheng wang\appdata\local\programs\python\python38-32\lib\site-packages\flask\app.py", line 1936, in dispatch_request
    return self.view_functions[rule.endpoint](**req.view_args)
  File "c:\users\xiaocheng wang\appdata\local\programs\python\python38-32\lib\site-packages\flask_login\utils.py", line 272, in decorated_view
    return func(*args, **kwargs)
  File "E:\Study\UWA\Year3\S2\CITS3200\project\SDURI-Admin-Platform\app\routing\supervisor.py", line 269, in accept_confirm
    rend_temp = render_template("supervisor/project/manage/accept_confirm.html", title="Confirm your choice", pname=this_project_name, sname=this_student_name, sid=sid, pid=pid)
  File "c:\users\xiaocheng wang\appdata\local\programs\python\python38-32\lib\site-packages\flask\templating.py", line 137, in render_template
    return _render(
  File "c:\users\xiaocheng wang\appdata\local\programs\python\python38-32\lib\site-packages\flask\templating.py", line 120, in _render
    rv = template.render(context)
  File "c:\users\xiaocheng wang\appdata\local\programs\python\python38-32\lib\site-packages\jinja2\environment.py", line 1090, in render
    self.environment.handle_exception()
  File "c:\users\xiaocheng wang\appdata\local\programs\python\python38-32\lib\site-packages\jinja2\environment.py", line 832, in handle_exception
    reraise(*rewrite_traceback_stack(source=source))
  File "c:\users\xiaocheng wang\appdata\local\programs\python\python38-32\lib\site-packages\jinja2\_compat.py", line 28, in reraise
    raise value.with_traceback(tb)
  File "E:\Study\UWA\Year3\S2\CITS3200\project\SDURI-Admin-Platform\app\templates\supervisor\project\manage\accept_confirm.html", line 2, in top-level template code
    {% extends "base.html" %}
  File "E:\Study\UWA\Year3\S2\CITS3200\project\SDURI-Admin-Platform\app\templates\base.html", line 3, in top-level template code
    {% extends "bootstrap/base.html" %}
  File "c:\users\xiaocheng wang\appdata\local\programs\python\python38-32\lib\site-packages\flask_bootstrap\templates\bootstrap\base.html", line 1, in top-level template code
    {% block doc -%}
  File "c:\users\xiaocheng wang\appdata\local\programs\python\python38-32\lib\site-packages\flask_bootstrap\templates\bootstrap\base.html", line 4, in block "doc"
    {%- block html %}
  File "c:\users\xiaocheng wang\appdata\local\programs\python\python38-32\lib\site-packages\flask_bootstrap\templates\bootstrap\base.html", line 20, in block "html"
    {% block body -%}
  File "c:\users\xiaocheng wang\appdata\local\programs\python\python38-32\lib\site-packages\flask_bootstrap\templates\bootstrap\base.html", line 23, in block "body"
    {% block content -%}
  File "E:\Study\UWA\Year3\S2\CITS3200\project\SDURI-Admin-Platform\app\templates\supervisor\project\manage\accept_confirm.html", line 15, in block "content"
    href="{{ url_for('accept',
  File "c:\users\xiaocheng wang\appdata\local\programs\python\python38-32\lib\site-packages\jinja2\environment.py", line 471, in getattr
    return getattr(obj, attribute)
jinja2.exceptions.UndefinedError: 'this_student' is undefined
INFO:werkzeug:127.0.0.1 - - [13/Oct/2020 02:31:13] "[35m[1mGET /supervisor/22477478%40student.uwa.edu.au/project/manage/view/appl/11/1/examine/accept_confirm HTTP/1.1[0m" 500 -
ERROR:app:Exception on /supervisor/22477478@student.uwa.edu.au/project/manage/view/appl/11/1/examine/deny_confirm [GET]
Traceback (most recent call last):
  File "c:\users\xiaocheng wang\appdata\local\programs\python\python38-32\lib\site-packages\flask\app.py", line 2447, in wsgi_app
    response = self.full_dispatch_request()
  File "c:\users\xiaocheng wang\appdata\local\programs\python\python38-32\lib\site-packages\flask\app.py", line 1952, in full_dispatch_request
    rv = self.handle_user_exception(e)
  File "c:\users\xiaocheng wang\appdata\local\programs\python\python38-32\lib\site-packages\flask\app.py", line 1821, in handle_user_exception
    reraise(exc_type, exc_value, tb)
  File "c:\users\xiaocheng wang\appdata\local\programs\python\python38-32\lib\site-packages\flask\_compat.py", line 39, in reraise
    raise value
  File "c:\users\xiaocheng wang\appdata\local\programs\python\python38-32\lib\site-packages\flask\app.py", line 1950, in full_dispatch_request
    rv = self.dispatch_request()
  File "c:\users\xiaocheng wang\appdata\local\programs\python\python38-32\lib\site-packages\flask\app.py", line 1936, in dispatch_request
    return self.view_functions[rule.endpoint](**req.view_args)
  File "c:\users\xiaocheng wang\appdata\local\programs\python\python38-32\lib\site-packages\flask_login\utils.py", line 272, in decorated_view
    return func(*args, **kwargs)
  File "E:\Study\UWA\Year3\S2\CITS3200\project\SDURI-Admin-Platform\app\routing\supervisor.py", line 283, in deny_confirm
    rend_temp = render_template("supervisor/project/manage/deny_confirm.html", title="Confirm your choice", pname=this_project_name, sname=this_student_name, sid=sid, pid=pid)
  File "c:\users\xiaocheng wang\appdata\local\programs\python\python38-32\lib\site-packages\flask\templating.py", line 137, in render_template
    return _render(
  File "c:\users\xiaocheng wang\appdata\local\programs\python\python38-32\lib\site-packages\flask\templating.py", line 120, in _render
    rv = template.render(context)
  File "c:\users\xiaocheng wang\appdata\local\programs\python\python38-32\lib\site-packages\jinja2\environment.py", line 1090, in render
    self.environment.handle_exception()
  File "c:\users\xiaocheng wang\appdata\local\programs\python\python38-32\lib\site-packages\jinja2\environment.py", line 832, in handle_exception
    reraise(*rewrite_traceback_stack(source=source))
  File "c:\users\xiaocheng wang\appdata\local\programs\python\python38-32\lib\site-packages\jinja2\_compat.py", line 28, in reraise
    raise value.with_traceback(tb)
  File "E:\Study\UWA\Year3\S2\CITS3200\project\SDURI-Admin-Platform\app\templates\supervisor\project\manage\deny_confirm.html", line 1, in top-level template code
    {% extends "base.html" %}
  File "E:\Study\UWA\Year3\S2\CITS3200\project\SDURI-Admin-Platform\app\templates\base.html", line 3, in top-level template code
    {% extends "bootstrap/base.html" %}
  File "c:\users\xiaocheng wang\appdata\local\programs\python\python38-32\lib\site-packages\flask_bootstrap\templates\bootstrap\base.html", line 1, in top-level template code
    {% block doc -%}
  File "c:\users\xiaocheng wang\appdata\local\programs\python\python38-32\lib\site-packages\flask_bootstrap\templates\bootstrap\base.html", line 4, in block "doc"
    {%- block html %}
  File "c:\users\xiaocheng wang\appdata\local\programs\python\python38-32\lib\site-packages\flask_bootstrap\templates\bootstrap\base.html", line 20, in block "html"
    {% block body -%}
  File "c:\users\xiaocheng wang\appdata\local\programs\python\python38-32\lib\site-packages\flask_bootstrap\templates\bootstrap\base.html", line 23, in block "body"
    {% block content -%}
  File "E:\Study\UWA\Year3\S2\CITS3200\project\SDURI-Admin-Platform\app\templates\supervisor\project\manage\deny_confirm.html", line 14, in block "content"
    href="{{ url_for('deny',
  File "c:\users\xiaocheng wang\appdata\local\programs\python\python38-32\lib\site-packages\jinja2\environment.py", line 471, in getattr
    return getattr(obj, attribute)
jinja2.exceptions.UndefinedError: 'this_student' is undefined
INFO:werkzeug:127.0.0.1 - - [13/Oct/2020 02:31:24] "[35m[1mGET /supervisor/22477478%40student.uwa.edu.au/project/manage/view/appl/11/1/examine/deny_confirm HTTP/1.1[0m" 500 -
